<?xml version="1.0" encoding="utf-8"?><testsuites name="pytest tests"><testsuite name="pytest" errors="0" failures="0" skipped="0" tests="14" time="1.139" timestamp="2026-01-17T07:17:53.866326+00:00" hostname="agent-env-e7646f5d-b309-4668-bc4f-c0da8c6a1580"><testcase classname="tests.test_products_and_fy_invoice.TestProductsCRUD" name="test_create_product" time="0.095" /><testcase classname="tests.test_products_and_fy_invoice.TestProductsCRUD" name="test_create_product_without_description" time="0.037" /><testcase classname="tests.test_products_and_fy_invoice.TestProductsCRUD" name="test_get_all_products" time="0.034" /><testcase classname="tests.test_products_and_fy_invoice.TestProductsCRUD" name="test_get_single_product" time="0.039" /><testcase classname="tests.test_products_and_fy_invoice.TestProductsCRUD" name="test_update_product" time="0.075" /><testcase classname="tests.test_products_and_fy_invoice.TestProductsCRUD" name="test_get_nonexistent_product" time="0.038" /><testcase classname="tests.test_products_and_fy_invoice.TestProductsCRUD" name="test_delete_product" time="0.109" /><testcase classname="tests.test_products_and_fy_invoice.TestFinancialYearInvoiceNumbering" name="test_health_shows_financial_year" time="0.035" /><testcase classname="tests.test_products_and_fy_invoice.TestFinancialYearInvoiceNumbering" name="test_invoice_number_format" time="0.076" /><testcase classname="tests.test_products_and_fy_invoice.TestInvoiceWithProductSelection" name="test_create_invoice_with_product_data" time="0.143" /><testcase classname="tests.test_products_and_fy_invoice.TestInvoiceWithProductSelection" name="test_create_invoice_with_manual_entry" time="0.113" /><testcase classname="tests.test_products_and_fy_invoice.TestGSTCalculationStillWorks" name="test_intrastate_gst_calculation" time="0.069" /><testcase classname="tests.test_products_and_fy_invoice.TestGSTCalculationStillWorks" name="test_interstate_gst_calculation" time="0.076" /><testcase classname="tests.test_products_and_fy_invoice.TestCleanup" name="test_cleanup_test_products" time="0.071" /></testsuite></testsuites>