<?xml version="1.0" encoding="utf-8"?><testsuites name="pytest tests"><testsuite name="pytest" errors="0" failures="0" skipped="0" tests="17" time="1.158" timestamp="2026-01-16T16:13:39.661174+00:00" hostname="agent-env-e7646f5d-b309-4668-bc4f-c0da8c6a1580"><testcase classname="tests.test_gst_billing_api.TestHealthCheck" name="test_health_endpoint" time="0.069" /><testcase classname="tests.test_gst_billing_api.TestClientsCRUD" name="test_create_organization_client_with_gst" time="0.060" /><testcase classname="tests.test_gst_billing_api.TestClientsCRUD" name="test_create_individual_client" time="0.038" /><testcase classname="tests.test_gst_billing_api.TestClientsCRUD" name="test_get_all_clients" time="0.040" /><testcase classname="tests.test_gst_billing_api.TestClientsCRUD" name="test_get_single_client" time="0.040" /><testcase classname="tests.test_gst_billing_api.TestClientsCRUD" name="test_update_client" time="0.141" /><testcase classname="tests.test_gst_billing_api.TestClientsCRUD" name="test_get_nonexistent_client" time="0.042" /><testcase classname="tests.test_gst_billing_api.TestInvoicesCRUD" name="test_create_first_invoice_intrastate" time="0.077" /><testcase classname="tests.test_gst_billing_api.TestInvoicesCRUD" name="test_create_second_invoice_interstate" time="0.085" /><testcase classname="tests.test_gst_billing_api.TestInvoicesCRUD" name="test_get_all_invoices" time="0.039" /><testcase classname="tests.test_gst_billing_api.TestInvoicesCRUD" name="test_get_single_invoice" time="0.037" /><testcase classname="tests.test_gst_billing_api.TestInvoicesCRUD" name="test_update_payment_status" time="0.163" /><testcase classname="tests.test_gst_billing_api.TestInvoicesCRUD" name="test_get_nonexistent_invoice" time="0.039" /><testcase classname="tests.test_gst_billing_api.TestDashboardStats" name="test_get_dashboard_stats" time="0.083" /><testcase classname="tests.test_gst_billing_api.TestGSTReports" name="test_generate_gst_report" time="0.039" /><testcase classname="tests.test_gst_billing_api.TestGSTReports" name="test_gst_report_invalid_date" time="0.036" /><testcase classname="tests.test_gst_billing_api.TestCleanup" name="test_cleanup_test_data" time="0.000" /></testsuite></testsuites>